<?xml version="1.0" encoding="UTF-8"?>
<testng-results ignored="0" total="1" passed="1" failed="0" skipped="0">
  <reporter-output>
  </reporter-output>
  <suite started-at="2024-09-17T10:21:59 IST" name="Default suite" finished-at="2024-09-17T10:22:14 IST" duration-ms="14337">
    <groups>
    </groups>
    <test started-at="2024-09-17T10:21:59 IST" name="Default test" finished-at="2024-09-17T10:22:14 IST" duration-ms="14337">
      <class name="hybirdbase.tc_001">
        <test-method is-config="true" signature="openapp()[pri:0, instance:hybirdbase.tc_001@28261e8e]" started-at="2024-09-17T10:21:59 IST" name="openapp" finished-at="2024-09-17T10:22:10 IST" duration-ms="10802" status="PASS">
          <reporter-output>
          </reporter-output>
        </test-method> <!-- openapp -->
        <test-method signature="logintest()[pri:0, instance:hybirdbase.tc_001@28261e8e]" started-at="2024-09-17T10:22:10 IST" name="logintest" finished-at="2024-09-17T10:22:13 IST" duration-ms="3328" status="PASS">
          <reporter-output>
          </reporter-output>
        </test-method> <!-- logintest -->
        <test-method is-config="true" signature="closeapp()[pri:0, instance:hybirdbase.tc_001@28261e8e]" started-at="2024-09-17T10:22:13 IST" name="closeapp" finished-at="2024-09-17T10:22:14 IST" duration-ms="152" status="PASS">
          <reporter-output>
          </reporter-output>
        </test-method> <!-- closeapp -->
      </class> <!-- hybirdbase.tc_001 -->
    </test> <!-- Default test -->
  </suite> <!-- Default suite -->
</testng-results>
